/*C4*/SET SCHEMA PUBLIC
DISCONNECT
/*C5*/SET SCHEMA PUBLIC
DROP TABLE server
DROP TABLE final
CREATE TABLE server ( id VARCHAR(20) NOT NULL,state VARCHAR(20) NOT NULL, type VARCHAR(20) ,host VARCHAR(20), timestamp VARCHAR(50),user VARCHAR(50), PRIMARY KEY (user))
CREATE TABLE final ( id VARCHAR(20) NOT NULL,duration VARCHAR(20), type VARCHAR(20) ,host VARCHAR(20), alert BOOLEAN NOT NULL, PRIMARY KEY (id))
INSERT INTO SERVER VALUES('scsmbstgra','STARTED','APPLICATION_LOG','12345','1491377495212','1')
COMMIT
INSERT INTO SERVER VALUES('scsmbstgrb','STARTED',' ',' ','1491377495213','2')
COMMIT
INSERT INTO SERVER VALUES('scsmbstgrc','FINISHED',' ',' ','1491377495218','3')
COMMIT
INSERT INTO SERVER VALUES('scsmbstgra','FINISHED','APPLICATION_LOG','12345','1491377495217','4')
COMMIT
INSERT INTO FINAL VALUES('scsmbstgra','5','APPLICATION_LOG','12345',TRUE)
COMMIT
INSERT INTO SERVER VALUES('scsmbstgrc','STARTED',' ',' ','1491377495210','5')
COMMIT
INSERT INTO FINAL VALUES('scsmbstgrc','8',' ',' ',TRUE)
COMMIT
INSERT INTO SERVER VALUES('scsmbstgrb','FINISHED',' ',' ','1491377495216','6')
COMMIT
INSERT INTO FINAL VALUES('scsmbstgrb','3',' ',' ',FALSE)
COMMIT
INSERT INTO SERVER VALUES('sfsddf','start','asfjn','12345','64413','7')
COMMIT
INSERT INTO SERVER VALUES('sfsf','end','sfaf','12345','64413','8')
COMMIT
INSERT INTO SERVER VALUES('sfdf','start','ofjerh','12345','64413','9')
COMMIT
INSERT INTO SERVER VALUES('sfssffsaddf','start',' ','12345','64413','10')
COMMIT
INSERT INTO SERVER VALUES('sfsddf','start','asfjn','12345','64413','11')
COMMIT
INSERT INTO FINAL VALUES('sfsddf','0','asfjn','12345',FALSE)
COMMIT
INSERT INTO SERVER VALUES('sfsf','end','sfaf','12345','64424','12')
COMMIT
INSERT INTO FINAL VALUES('sfsf','11','sfaf','12345',TRUE)
COMMIT
INSERT INTO SERVER VALUES('sfdf','start','ofjerh','12345','64417','13')
COMMIT
INSERT INTO FINAL VALUES('sfdf','4','ofjerh','12345',TRUE)
COMMIT
INSERT INTO SERVER VALUES('sfssffsaddf','start',' ','12345','64419','14')
COMMIT
INSERT INTO FINAL VALUES('sfssffsaddf','6',' ','12345',TRUE)
COMMIT
DISCONNECT
